[2026-03-20 01:06:03] Simpan detail gagal | kd_trkasir=TKP-200326010403 | id_barang=265 | kd_barang=8999809503572 | qty=2 | user=syafir4 | detail=SQL Error: You have an error in your SQL syntax; check the manual that corresponds to your MariaDB server version for the right syntax to use near '2',
										'Strip',
										'15000',
										'',
										'',
		...' at line 18 | Query: INSERT INTO trkasir_detail(kd_trkasir,
										id_barang,
										kd_barang,
										nmbrg_dtrkasir,
										qty_dtrkasir,
										sat_dtrkasir,
										hrgjual_dtrkasir,
										disc,
										no_batch,
										exp_date,										
										hrgttl_dtrkasir,
										tipe,
                                        komisi,
                                        idadmin)
								  VALUES('TKP-200326010403',
										'265',
										'8999809503572',
										'Degirol Hisap 0.25 mg 10 Tablet\',
										'2',
										'Strip',
										'15000',
										'',
										'',
										'',										
										'30000',
										'3',
                                        '0',
                                        '57'
										)
[2026-03-20 23:39:41] Simpan detail gagal | kd_trkasir=TKP-200326233624 | id_barang=1631 | kd_barang=8992695542144 | qty=1 | user=syafir4 | detail=SQL Error: You have an error in your SQL syntax; check the manual that corresponds to your MariaDB server version for the right syntax to use near '1',
										'Botol',
										'82000',
										'',
										'D63N',...' at line 18 | Query: INSERT INTO trkasir_detail(kd_trkasir,
										id_barang,
										kd_barang,
										nmbrg_dtrkasir,
										qty_dtrkasir,
										sat_dtrkasir,
										hrgjual_dtrkasir,
										disc,
										no_batch,
										exp_date,										
										hrgttl_dtrkasir,
										tipe,
                                        komisi,
                                        idadmin)
								  VALUES('TKP-200326233624',
										'1631',
										'8992695542144',
										'Triaminic Ekspektoran & Pilek Sirup 60 ml\',
										'1',
										'Botol',
										'82000',
										'',
										'D63N',
										'2028-06-30',										
										'82000',
										'3',
                                        '0',
                                        '57'
										)
[2026-03-20 23:39:43] Simpan detail gagal | kd_trkasir=TKP-200326233624 | id_barang=1631 | kd_barang=8992695542144 | qty=1 | user=syafir4 | detail=SQL Error: You have an error in your SQL syntax; check the manual that corresponds to your MariaDB server version for the right syntax to use near '1',
										'Botol',
										'82000',
										'',
										'D63N',...' at line 18 | Query: INSERT INTO trkasir_detail(kd_trkasir,
										id_barang,
										kd_barang,
										nmbrg_dtrkasir,
										qty_dtrkasir,
										sat_dtrkasir,
										hrgjual_dtrkasir,
										disc,
										no_batch,
										exp_date,										
										hrgttl_dtrkasir,
										tipe,
                                        komisi,
                                        idadmin)
								  VALUES('TKP-200326233624',
										'1631',
										'8992695542144',
										'Triaminic Ekspektoran & Pilek Sirup 60 ml\',
										'1',
										'Botol',
										'82000',
										'',
										'D63N',
										'2028-06-30',										
										'82000',
										'3',
                                        '0',
                                        '57'
										)
[2026-03-20 23:39:49] Simpan detail gagal | kd_trkasir=TKP-200326233624 | id_barang=1631 | kd_barang=8992695542144 | qty=1 | user=syafir4 | detail=SQL Error: You have an error in your SQL syntax; check the manual that corresponds to your MariaDB server version for the right syntax to use near '1',
										'Botol',
										'82000',
										'',
										'D63N',...' at line 18 | Query: INSERT INTO trkasir_detail(kd_trkasir,
										id_barang,
										kd_barang,
										nmbrg_dtrkasir,
										qty_dtrkasir,
										sat_dtrkasir,
										hrgjual_dtrkasir,
										disc,
										no_batch,
										exp_date,										
										hrgttl_dtrkasir,
										tipe,
                                        komisi,
                                        idadmin)
								  VALUES('TKP-200326233624',
										'1631',
										'8992695542144',
										'Triaminic Ekspektoran & Pilek Sirup 60 ml\',
										'1',
										'Botol',
										'82000',
										'',
										'D63N',
										'2028-06-30',										
										'82000',
										'3',
                                        '0',
                                        '57'
										)
